<?xml version="1.0" encoding="UTF-8"?>
<!-- Generated by org.testng.reporters.JUnitXMLReporter -->
<testsuite ignored="0" hostname="Ankits-MacBook-Pro.local" failures="0" tests="5" name="Restful Booker JSON Schema Validation tests" time="9.166" errors="0" timestamp="2022-11-26T19:43:12 IST">
  <testcase classname="com.restfulbooker.JsonSchemaValidationTest" name="testCreateBookingJsonSchema" time="1.632"/>
  <testcase classname="com.restfulbooker.JsonSchemaValidationTest" name="testGetBookingJsonSchema" time="3.07"/>
  <testcase classname="com.restfulbooker.JsonSchemaValidationTest" name="testUpdateBookingJsonSchema" time="1.512"/>
  <testcase classname="com.restfulbooker.JsonSchemaValidationTest" name="testUpdatePartialBookingJsonSchema" time="1.598"/>
  <testcase classname="com.restfulbooker.JsonSchemaValidationTest" name="testCreateJsonSchema" time="1.348"/>
</testsuite> <!-- Restful Booker JSON Schema Validation tests -->
