<?xml version="1.0" encoding="UTF-8"?>
<!-- Generated by org.testng.reporters.JUnitXMLReporter -->
<testsuite ignored="0" hostname="Ankits-MacBook-Pro.local" failures="0" tests="6" name="Restful Booker tests" time="15.411" errors="0" timestamp="2022-11-26T19:43:03 IST">
  <testcase classname="com.restfulbooker.RestfulBookerE2ETests" name="createBookingTest" time="2.187"/>
  <testcase classname="com.restfulbooker.RestfulBookerE2ETests" name="getBookingTest" time="1.52"/>
  <testcase classname="com.restfulbooker.RestfulBookerE2ETests" name="updateBookingTest" time="2.965"/>
  <testcase classname="com.restfulbooker.RestfulBookerE2ETests" name="updatePartialBookingTest" time="4.259"/>
  <testcase classname="com.restfulbooker.RestfulBookerE2ETests" name="deleteBookingTest" time="3.139"/>
  <testcase classname="com.restfulbooker.RestfulBookerE2ETests" name="checkBookingIsDeleted" time="1.303"/>
</testsuite> <!-- Restful Booker tests -->
