<?xml version="1.0" encoding="UTF-8"?>
<!-- Generated by org.testng.reporters.JUnitXMLReporter -->
<testsuite ignored="0" hostname="Ankits-MacBook-Pro.local" failures="0" tests="2" name="Authentication Tests" time="2.62" errors="0" timestamp="2022-11-26T19:42:40 IST">
  <testcase classname="io.github.mfaisalkhatri.TestAuthentication" name="testAuthenticationToken" time="2.02"/>
  <testcase classname="io.github.mfaisalkhatri.TestAuthentication" name="testAuthToken" time="0.579"/>
</testsuite> <!-- Authentication Tests -->
