<?xml version="1.0" encoding="UTF-8"?>
<!-- Generated by org.testng.reporters.JUnitXMLReporter -->
<testsuite ignored="0" hostname="Ankits-MacBook-Pro.local" failures="0" tests="2" name="Get Request Tests" time="1.692" errors="0" timestamp="2022-11-26T19:42:42 IST">
  <testcase classname="io.github.mfaisalkhatri.TestGetRequests" name="getRequestTest" time="0.399"/>
  <testcase classname="io.github.mfaisalkhatri.TestGetRequests" name="getRequestTestWithQueryParam" time="1.292"/>
</testsuite> <!-- Get Request Tests -->
