<?xml version="1.0" encoding="UTF-8"?>
<!-- Generated by org.testng.reporters.JUnitXMLReporter -->
<testsuite ignored="0" hostname="Ankits-MacBook-Pro.local" failures="0" tests="2" name="Patch Request tests" time="1.19" errors="0" timestamp="2022-11-26T19:42:47 IST">
  <testcase classname="io.github.mfaisalkhatri.TestPatchRequests" name="patchRequestTests" time="0.652"/>
  <testcase classname="io.github.mfaisalkhatri.TestPatchRequests" name="patchRequestTests" time="0.535"/>
</testsuite> <!-- Patch Request tests -->
