<?xml version="1.0" encoding="UTF-8"?>
<!-- Generated by org.testng.reporters.JUnitXMLReporter -->
<testsuite ignored="0" hostname="Ankits-MacBook-Pro.local" failures="0" tests="5" name="Post Request tests" time="2.893" errors="0" timestamp="2022-11-26T19:42:45 IST">
  <testcase classname="io.github.mfaisalkhatri.TestPostRequests" name="testPostRequests" time="0.532"/>
  <testcase classname="io.github.mfaisalkhatri.TestPostRequests" name="testPostRequests" time="0.53"/>
  <testcase classname="io.github.mfaisalkhatri.TestPostRequests" name="testPostRequests" time="0.663"/>
  <testcase classname="io.github.mfaisalkhatri.TestPostRequests" name="testPostRequests" time="0.547"/>
  <testcase classname="io.github.mfaisalkhatri.PostRequestBuilderExample" name="postTestUsingBuilderPattern" time="0.613"/>
</testsuite> <!-- Post Request tests -->
