<?xml version="1.0" encoding="UTF-8"?>
<!-- Generated by org.testng.reporters.JUnitXMLReporter -->
<testsuite ignored="0" hostname="Ankits-MacBook-Pro.local" failures="0" tests="2" name="Put Request Tests" time="1.103" errors="0" timestamp="2022-11-26T19:42:46 IST">
  <testcase classname="io.github.mfaisalkhatri.TestPutRequests" name="putRequestsTests" time="0.569"/>
  <testcase classname="io.github.mfaisalkhatri.TestPutRequests" name="putRequestsTests" time="0.532"/>
</testsuite> <!-- Put Request Tests -->
